<?xml version="1.0" encoding="UTF-8"?>
<testsuite xmlns:xsi="http://www.w3.org/2001/XMLSchema-instance" xsi:noNamespaceSchemaLocation="https://maven.apache.org/surefire/maven-surefire-plugin/xsd/surefire-test-report-3.0.xsd" version="3.0" name="org.acme.ReactiveGreetingResourceTest" time="19.8" tests="1" errors="0" skipped="0" failures="0">
  <properties>
[...]
</properties>
  <testcase name="testHelloEndpoint" classname="org.acme.ReactiveGreetingResourceTest" time="1.982">
    <system-out><![CDATA[2021-09-24 01:03:23,972 INFO  [org.tes.doc.DockerClientProviderStrategy] (build-19) Loaded org.testcontainers.dockerclient.NpipeSocketClientProviderStrategy from ~/.testcontainers.properties, will try it first
2021-09-24 01:03:24,602 INFO  [org.tes.doc.DockerClientProviderStrategy] (build-19) Found Docker environment with local Npipe socket (npipe:////./pipe/docker_engine)
2021-09-24 01:03:24,604 INFO  [org.tes.DockerClientFactory] (build-19) Docker host IP address is localhost
2021-09-24 01:03:24,640 INFO  [org.tes.DockerClientFactory] (build-19) Connected to docker: 
  Server Version: 20.10.8
  API Version: 1.41
  Operating System: Docker Desktop
  Total Memory: 25513 MB
2021-09-24 01:03:24,642 INFO  [org.tes.uti.ImageNameSubstitutor] (build-19) Image name substitution will be performed by: DefaultImageNameSubstitutor (composite of 'ConfigurationFileImageNameSubstitutor' and 'PrefixingImageNameSubstitutor')
2021-09-24 01:03:25,073 INFO  [org.tes.uti.RegistryAuthLocator] (build-19) Credential helper/store (docker-credential-desktop) does not have credentials for index.docker.io
2021-09-24 01:03:27,730 INFO  [org.tes.DockerClientFactory] (build-19) Ryuk started - will monitor and terminate Testcontainers containers on JVM exit
2021-09-24 01:03:27,730 INFO  [org.tes.DockerClientFactory] (build-19) Checking the system...
2021-09-24 01:03:27,731 INFO  [org.tes.DockerClientFactory] (build-19) ?? Docker server version should be at least 1.6.0
2021-09-24 01:03:27,893 INFO  [org.tes.DockerClientFactory] (build-19) ?? Docker environment should have more than 2GB free disk space
2021-09-24 01:03:27,906 INFO  [doc.5.5]] (build-19) Creating container for image: vectorized/redpanda:v21.5.5
2021-09-24 01:03:28,042 INFO  [doc.5.5]] (build-19) Starting container with ID: 505ce6320e00c8524779922780a5e0bd70ab15b7b1c6f0d0cc22745a191ea9b3
2021-09-24 01:03:28,480 INFO  [doc.5.5]] (build-19) Container vectorized/redpanda:v21.5.5 is starting: 505ce6320e00c8524779922780a5e0bd70ab15b7b1c6f0d0cc22745a191ea9b3
2021-09-24 01:03:31,102 INFO  [doc.5.5]] (build-19) Container vectorized/redpanda:v21.5.5 started in PT3.2069076S
2021-09-24 01:03:31,103 INFO  [io.qua.kaf.cli.dep.DevServicesKafkaProcessor] (build-19) Dev Services for Kafka started. Other Quarkus applications in dev mode will find the broker automatically. For Quarkus applications in production mode, you can connect to this by starting your application with -Dkafka.bootstrap.servers=PLAINTEXT://localhost:49187
2021-09-24 01:03:32,512 WARN  [io.sma.rea.mes.kafka] (main) SRMSG18216: No `group.id` set in the configuration, generate a random id: eec39e01-0b0c-4d02-8ed7-c74c5f682786
2021-09-24 01:03:32,515 INFO  [io.sma.rea.mes.kafka] (main) SRMSG18229: Configured topics for channel 'quotes': [quotes]
2021-09-24 01:03:32,524 INFO  [io.sma.rea.mes.kafka] (main) SRMSG18214: Key deserializer omitted, using String as default
2021-09-24 01:03:32,525 INFO  [io.sma.rea.mes.kafka] (main) SRMSG18234: Auto-commit disabled for channel quotes
2021-09-24 01:03:32,683 INFO  [org.apa.kaf.cli.con.ConsumerConfig] (main) ConsumerConfig values: 
	allow.auto.create.topics = true
	auto.commit.interval.ms = 5000
	auto.offset.reset = latest
	bootstrap.servers = [PLAINTEXT://localhost:49187]
	check.crcs = true
	client.dns.lookup = use_all_dns_ips
	client.id = kafka-consumer-quotes
	client.rack = 
	connections.max.idle.ms = 540000
	default.api.timeout.ms = 60000
	enable.auto.commit = false
	exclude.internal.topics = true
	fetch.max.bytes = 52428800
	fetch.max.wait.ms = 500
	fetch.min.bytes = 1
	group.id = eec39e01-0b0c-4d02-8ed7-c74c5f682786
	group.instance.id = null
	heartbeat.interval.ms = 3000
	interceptor.classes = []
	internal.leave.group.on.close = true
	internal.throw.on.fetch.stable.offset.unsupported = false
	isolation.level = read_uncommitted
	key.deserializer = class io.smallrye.reactive.messaging.kafka.fault.DeserializerWrapper
	max.partition.fetch.bytes = 1048576
	max.poll.interval.ms = 300000
	max.poll.records = 500
	metadata.max.age.ms = 300000
	metric.reporters = []
	metrics.num.samples = 2
	metrics.recording.level = INFO
	metrics.sample.window.ms = 30000
	partition.assignment.strategy = [class org.apache.kafka.clients.consumer.RangeAssignor]
	receive.buffer.bytes = 65536
	reconnect.backoff.max.ms = 10000
	reconnect.backoff.ms = 50
	request.timeout.ms = 30000
	retry.backoff.ms = 100
	sasl.client.callback.handler.class = null
	sasl.jaas.config = null
	sasl.kerberos.kinit.cmd = /usr/bin/kinit
	sasl.kerberos.min.time.before.relogin = 60000
	sasl.kerberos.service.name = null
	sasl.kerberos.ticket.renew.jitter = 0.05
	sasl.kerberos.ticket.renew.window.factor = 0.8
	sasl.login.callback.handler.class = null
	sasl.login.class = null
	sasl.login.refresh.buffer.seconds = 300
	sasl.login.refresh.min.period.seconds = 60
	sasl.login.refresh.window.factor = 0.8
	sasl.login.refresh.window.jitter = 0.05
	sasl.mechanism = GSSAPI
	security.protocol = PLAINTEXT
	security.providers = null
	send.buffer.bytes = 131072
	session.timeout.ms = 10000
	socket.connection.setup.timeout.max.ms = 30000
	socket.connection.setup.timeout.ms = 10000
	ssl.cipher.suites = null
	ssl.enabled.protocols = [TLSv1.2, TLSv1.3]
	ssl.endpoint.identification.algorithm = https
	ssl.engine.factory.class = null
	ssl.key.password = null
	ssl.keymanager.algorithm = SunX509
	ssl.keystore.certificate.chain = null
	ssl.keystore.key = null
	ssl.keystore.location = null
	ssl.keystore.password = null
	ssl.keystore.type = JKS
	ssl.protocol = TLSv1.3
	ssl.provider = null
	ssl.secure.random.implementation = null
	ssl.trustmanager.algorithm = PKIX
	ssl.truststore.certificates = null
	ssl.truststore.location = null
	ssl.truststore.password = null
	ssl.truststore.type = JKS
	value.deserializer = class io.smallrye.reactive.messaging.kafka.fault.DeserializerWrapper

2021-09-24 01:03:32,838 INFO  [org.apa.kaf.com.uti.AppInfoParser] (main) Kafka version: 2.8.0
2021-09-24 01:03:32,838 INFO  [org.apa.kaf.com.uti.AppInfoParser] (main) Kafka commitId: ebb1d6e21cc92130
2021-09-24 01:03:32,839 INFO  [org.apa.kaf.com.uti.AppInfoParser] (main) Kafka startTimeMs: 1632413012837
2021-09-24 01:03:32,844 INFO  [io.sma.rea.mes.kafka] (main) SRMSG18240: 'throttled' commit strategy used for channel 'quotes'
2021-09-24 01:03:32,847 INFO  [io.sma.rea.mes.kafka] (main) SRMSG18232: Will commit for group 'eec39e01-0b0c-4d02-8ed7-c74c5f682786' every 5000 milliseconds.
2021-09-24 01:03:32,847 INFO  [io.sma.rea.mes.kafka] (main) SRMSG18236: Will mark throttled commit strategy for group 'eec39e01-0b0c-4d02-8ed7-c74c5f682786' as unhealthy if records go more than 60000 milliseconds without being processed.
2021-09-24 01:03:32,879 INFO  [io.sma.rea.mes.kafka] (main) SRMSG18248: Key serializer omitted, using String as default
2021-09-24 01:03:32,880 INFO  [io.sma.rea.mes.kafka] (main) SRMSG18237: Setting client.id for Kafka producer to kafka-producer-quote-requests
2021-09-24 01:03:32,888 INFO  [org.apa.kaf.cli.pro.ProducerConfig] (main) ProducerConfig values: 
	acks = 1
	batch.size = 16384
	bootstrap.servers = [PLAINTEXT://localhost:49187]
	buffer.memory = 33554432
	client.dns.lookup = use_all_dns_ips
	client.id = kafka-producer-quote-requests
	compression.type = none
	connections.max.idle.ms = 540000
	delivery.timeout.ms = 120000
	enable.idempotence = false
	interceptor.classes = []
	internal.auto.downgrade.txn.commit = false
	key.serializer = class org.apache.kafka.common.serialization.StringSerializer
	linger.ms = 0
	max.block.ms = 60000
	max.in.flight.requests.per.connection = 5
	max.request.size = 1048576
	metadata.max.age.ms = 300000
	metadata.max.idle.ms = 300000
	metric.reporters = []
	metrics.num.samples = 2
	metrics.recording.level = INFO
	metrics.sample.window.ms = 30000
	partitioner.class = class org.apache.kafka.clients.producer.internals.DefaultPartitioner
	receive.buffer.bytes = 32768
	reconnect.backoff.max.ms = 10000
	reconnect.backoff.ms = 50
	request.timeout.ms = 30000
	retries = 2147483647
	retry.backoff.ms = 100
	sasl.client.callback.handler.class = null
	sasl.jaas.config = null
	sasl.kerberos.kinit.cmd = /usr/bin/kinit
	sasl.kerberos.min.time.before.relogin = 60000
	sasl.kerberos.service.name = null
	sasl.kerberos.ticket.renew.jitter = 0.05
	sasl.kerberos.ticket.renew.window.factor = 0.8
	sasl.login.callback.handler.class = null
	sasl.login.class = null
	sasl.login.refresh.buffer.seconds = 300
	sasl.login.refresh.min.period.seconds = 60
	sasl.login.refresh.window.factor = 0.8
	sasl.login.refresh.window.jitter = 0.05
	sasl.mechanism = GSSAPI
	security.protocol = PLAINTEXT
	security.providers = null
	send.buffer.bytes = 131072
	socket.connection.setup.timeout.max.ms = 30000
	socket.connection.setup.timeout.ms = 10000
	ssl.cipher.suites = null
	ssl.enabled.protocols = [TLSv1.2, TLSv1.3]
	ssl.endpoint.identification.algorithm = https
	ssl.engine.factory.class = null
	ssl.key.password = null
	ssl.keymanager.algorithm = SunX509
	ssl.keystore.certificate.chain = null
	ssl.keystore.key = null
	ssl.keystore.location = null
	ssl.keystore.password = null
	ssl.keystore.type = JKS
	ssl.protocol = TLSv1.3
	ssl.provider = null
	ssl.secure.random.implementation = null
	ssl.trustmanager.algorithm = PKIX
	ssl.truststore.certificates = null
	ssl.truststore.location = null
	ssl.truststore.password = null
	ssl.truststore.type = JKS
	transaction.timeout.ms = 60000
	transactional.id = null
	value.serializer = class org.apache.kafka.common.serialization.StringSerializer

2021-09-24 01:03:32,913 WARN  [org.apa.kaf.cli.pro.ProducerConfig] (main) The configuration 'merge' was supplied but isn't a known config.
2021-09-24 01:03:32,914 INFO  [org.apa.kaf.com.uti.AppInfoParser] (main) Kafka version: 2.8.0
2021-09-24 01:03:32,914 INFO  [org.apa.kaf.com.uti.AppInfoParser] (main) Kafka commitId: ebb1d6e21cc92130
2021-09-24 01:03:32,914 INFO  [org.apa.kaf.com.uti.AppInfoParser] (main) Kafka startTimeMs: 1632413012914
2021-09-24 01:03:33,731 INFO  [io.quarkus] (main) Quarkus 2.2.3.Final on JVM started in 11.601s. Listening on: http://localhost:8081
2021-09-24 01:03:33,731 INFO  [io.quarkus] (main) Profile test activated. 
2021-09-24 01:03:33,731 INFO  [io.quarkus] (main) Installed features: [cdi, kafka-client, resteasy-reactive, resteasy-reactive-jackson, smallrye-context-propagation, smallrye-reactive-messaging, smallrye-reactive-messaging-kafka, vertx]
]]></system-out>
  </testcase>
</testsuite>